[2021-08-16T11:21:46.064] [DEBUG] cheese - login => username:zs,password:123456
[2021-08-16T11:22:50.464] [DEBUG] cheese - login => username:zs,password:123456
[2021-08-16T11:22:50.477] [DEBUG] cheese - zs
[2021-08-16T11:22:50.510] [DEBUG] cheese - null
[2021-08-16T11:22:50.511] [DEBUG] cheese - null
[2021-08-16T11:24:26.817] [DEBUG] cheese - login => username:zs,password:123456
[2021-08-16T11:24:26.817] [DEBUG] cheese - zs
[2021-08-16T11:24:26.825] [DEBUG] cheese - null
[2021-08-16T11:24:26.825] [DEBUG] cheese - null
[2021-08-16T11:24:34.881] [DEBUG] cheese - login => username:admin,password:123456
[2021-08-16T11:24:34.881] [DEBUG] cheese - admin
[2021-08-16T11:24:34.898] [DEBUG] cheese - null
[2021-08-16T11:24:34.898] [DEBUG] cheese - null
[2021-08-16T11:32:09.830] [DEBUG] cheese - login => username:admin,password:123456
[2021-08-16T11:32:09.831] [DEBUG] cheese - admin
[2021-08-16T11:32:09.924] [DEBUG] cheese - null
[2021-08-16T11:32:09.925] [DEBUG] cheese - null
[2021-08-16T11:32:33.105] [DEBUG] cheese - login => username:admin,password:123456
[2021-08-16T11:32:33.106] [DEBUG] cheese - admin
[2021-08-16T11:32:33.114] [DEBUG] cheese - null
[2021-08-16T11:32:33.114] [DEBUG] cheese - null
[2021-08-16T11:32:34.160] [DEBUG] cheese - login => username:admin,password:123456
[2021-08-16T11:32:34.160] [DEBUG] cheese - admin
[2021-08-16T11:32:34.163] [DEBUG] cheese - null
[2021-08-16T11:32:34.163] [DEBUG] cheese - null
[2021-08-16T11:35:57.756] [DEBUG] cheese - login => username:admin,password:123456
[2021-08-16T11:35:57.756] [DEBUG] cheese - admin
[2021-08-16T11:35:57.771] [DEBUG] cheese - null
[2021-08-16T11:35:57.771] [DEBUG] cheese - null
[2021-08-16T11:36:00.227] [DEBUG] cheese - login => username:admin,password:12345
[2021-08-16T11:36:00.227] [DEBUG] cheese - admin
[2021-08-16T11:36:00.230] [DEBUG] cheese - null
[2021-08-16T11:36:00.230] [DEBUG] cheese - null
[2021-08-16T11:37:30.884] [DEBUG] cheese - login => username:admin,password:123456
[2021-08-16T11:37:30.884] [DEBUG] cheese - admin
[2021-08-16T11:37:30.888] [DEBUG] cheese - null
[2021-08-16T11:37:30.888] [DEBUG] cheese - null
[2021-08-16T11:40:26.495] [DEBUG] cheese - login => username:admin,password:123456
[2021-08-16T11:40:26.495] [DEBUG] cheese - admin
[2021-08-16T11:40:26.504] [DEBUG] cheese - null
[2021-08-16T11:40:26.504] [DEBUG] cheese - null
[2021-08-16T11:40:44.479] [DEBUG] cheese - login => username:admin,password:123456
[2021-08-16T11:40:44.479] [DEBUG] cheese - admin
[2021-08-16T11:40:44.484] [DEBUG] cheese - null
[2021-08-16T11:40:44.484] [DEBUG] cheese - null
[2021-08-16T11:43:31.624] [DEBUG] cheese - login => username:admin,password:123456
[2021-08-16T11:43:31.624] [DEBUG] cheese - admin
[2021-08-16T11:43:31.632] [DEBUG] cheese - null
[2021-08-16T11:43:31.632] [DEBUG] cheese - null
[2021-08-16T11:43:34.532] [DEBUG] cheese - login => username:admin,password:123456
[2021-08-16T11:43:34.532] [DEBUG] cheese - admin
[2021-08-16T11:43:34.534] [DEBUG] cheese - null
[2021-08-16T11:43:34.535] [DEBUG] cheese - null
[2021-08-16T11:43:42.077] [DEBUG] cheese - login => username:admin,password:123456
[2021-08-16T11:43:42.077] [DEBUG] cheese - admin
[2021-08-16T11:43:42.080] [DEBUG] cheese - null
[2021-08-16T11:43:42.081] [DEBUG] cheese - null
[2021-08-16T11:48:47.756] [DEBUG] cheese - login => username:admin,password:123456
[2021-08-16T11:48:47.757] [DEBUG] cheese - admin
[2021-08-16T11:48:47.765] [DEBUG] cheese - null
[2021-08-16T11:48:47.765] [DEBUG] cheese - null
[2021-08-16T11:49:12.229] [DEBUG] cheese - login => username:admin,password:123456
[2021-08-16T11:49:12.229] [DEBUG] cheese - admin
[2021-08-16T11:49:12.231] [DEBUG] cheese - null
[2021-08-16T11:49:12.231] [DEBUG] cheese - null
[2021-08-16T11:49:25.581] [DEBUG] cheese - login => username:admin,password:123456
[2021-08-16T11:49:25.581] [DEBUG] cheese - admin
[2021-08-16T11:49:25.584] [DEBUG] cheese - null
[2021-08-16T11:49:25.584] [DEBUG] cheese - null
[2021-08-16T11:49:31.445] [DEBUG] cheese - login => username:admin,password:123456
[2021-08-16T11:49:31.445] [DEBUG] cheese - admin
[2021-08-16T11:49:31.449] [DEBUG] cheese - null
[2021-08-16T11:49:31.449] [DEBUG] cheese - null
[2021-08-16T11:50:16.849] [DEBUG] cheese - login => username:admin,password:123456
[2021-08-16T11:50:16.849] [DEBUG] cheese - admin
[2021-08-16T11:50:16.851] [DEBUG] cheese - null
[2021-08-16T11:50:16.852] [DEBUG] cheese - null
[2021-08-16T11:52:19.061] [DEBUG] cheese - login => username:admin,password:123456
[2021-08-16T11:52:19.061] [DEBUG] cheese - admin
[2021-08-16T11:52:19.067] [DEBUG] cheese - null
[2021-08-16T11:52:19.068] [DEBUG] cheese - null
[2021-08-16T11:52:39.171] [DEBUG] cheese - login => username:admin,password:123456
[2021-08-16T11:52:39.171] [DEBUG] cheese - admin
[2021-08-16T11:52:39.174] [DEBUG] cheese - null
[2021-08-16T11:52:39.174] [DEBUG] cheese - null
[2021-08-16T11:54:55.715] [DEBUG] cheese - login => username:admin,password:123456
[2021-08-16T11:54:55.715] [DEBUG] cheese - admin
[2021-08-16T11:54:55.722] [DEBUG] cheese - null
[2021-08-16T11:54:55.724] [DEBUG] cheese - null
[2021-08-16T11:55:21.107] [DEBUG] cheese - login => username:admin,password:123456
[2021-08-16T11:55:21.107] [DEBUG] cheese - admin
[2021-08-16T11:55:21.109] [DEBUG] cheese - null
[2021-08-16T11:55:21.109] [DEBUG] cheese - null
[2021-08-16T11:55:34.227] [DEBUG] cheese - login => username:admin,password:123456
[2021-08-16T11:55:34.227] [DEBUG] cheese - admin
[2021-08-16T11:55:34.231] [DEBUG] cheese - null
[2021-08-16T11:55:34.231] [DEBUG] cheese - null
[2021-08-16T12:00:43.478] [DEBUG] cheese - login => username:admin,password:123456
[2021-08-16T12:00:43.479] [DEBUG] cheese - admin
[2021-08-16T12:00:43.500] [DEBUG] cheese - null
[2021-08-16T12:00:43.501] [DEBUG] cheese - null
[2021-08-16T12:30:15.737] [DEBUG] cheese - login => username:admin,password:123456
[2021-08-16T12:30:15.737] [DEBUG] cheese - admin
[2021-08-16T12:30:15.779] [DEBUG] cheese - null
[2021-08-16T12:30:15.779] [DEBUG] cheese - null
[2021-08-16T12:31:39.508] [DEBUG] cheese - login => username:admin,password:123456
[2021-08-16T12:31:39.508] [DEBUG] cheese - admin
[2021-08-16T12:31:39.513] [DEBUG] cheese - null
[2021-08-16T12:31:39.513] [DEBUG] cheese - null
[2021-08-16T12:41:57.303] [DEBUG] cheese - login => username:admin,password:123456
[2021-08-16T12:41:57.303] [DEBUG] cheese - admin
[2021-08-16T12:41:57.307] [DEBUG] cheese - null
[2021-08-16T12:41:57.308] [DEBUG] cheese - null
[2021-08-16T12:51:18.412] [DEBUG] cheese - login => username:admin,password:123456
[2021-08-16T12:51:18.412] [DEBUG] cheese - admin
[2021-08-16T12:51:18.415] [DEBUG] cheese - null
[2021-08-16T12:51:18.415] [DEBUG] cheese - null
[2021-08-16T13:31:33.774] [DEBUG] cheese - login => username:admin,password:123456
[2021-08-16T13:31:33.775] [DEBUG] cheese - admin
[2021-08-16T13:31:33.782] [DEBUG] cheese - null
[2021-08-16T13:31:33.782] [DEBUG] cheese - null
[2021-08-16T13:34:34.713] [DEBUG] cheese - login => username:admin,password:123456
[2021-08-16T13:34:34.713] [DEBUG] cheese - admin
[2021-08-16T13:34:34.716] [DEBUG] cheese - null
[2021-08-16T13:34:34.716] [DEBUG] cheese - null
[2021-08-16T14:31:32.025] [DEBUG] cheese - login => username:admin,password:123456
[2021-08-16T14:31:32.027] [DEBUG] cheese - admin
[2021-08-16T14:31:32.042] [DEBUG] cheese - null
[2021-08-16T14:31:32.043] [DEBUG] cheese - null
[2021-08-16T14:33:01.649] [DEBUG] cheese - login => username:admin,password:123456
[2021-08-16T14:33:01.649] [DEBUG] cheese - admin
[2021-08-16T14:33:01.652] [DEBUG] cheese - null
[2021-08-16T14:33:01.652] [DEBUG] cheese - null
[2021-08-16T15:07:31.925] [DEBUG] cheese - login => username:admin,password:123456
[2021-08-16T15:07:31.926] [DEBUG] cheese - admin
[2021-08-16T15:07:31.937] [DEBUG] cheese - null
[2021-08-16T15:07:31.937] [DEBUG] cheese - null
[2021-08-16T15:20:07.032] [DEBUG] cheese - login => username:admin,password:123456
[2021-08-16T15:20:07.032] [DEBUG] cheese - admin
[2021-08-16T15:20:07.038] [DEBUG] cheese - null
[2021-08-16T15:20:07.038] [DEBUG] cheese - null
[2021-08-16T18:39:00.502] [DEBUG] cheese - login => username:admin,password:123456
[2021-08-16T18:39:00.512] [DEBUG] cheese - admin
[2021-08-16T18:39:00.520] [DEBUG] cheese - null
[2021-08-16T18:39:00.520] [DEBUG] cheese - null
[2021-08-16T18:39:52.621] [DEBUG] cheese - login => username:admin,password:1234324
[2021-08-16T18:39:52.621] [DEBUG] cheese - admin
[2021-08-16T18:39:52.625] [DEBUG] cheese - null
[2021-08-16T18:39:52.625] [DEBUG] cheese - null
[2021-08-16T18:40:57.354] [DEBUG] cheese - login => username:admin,password:123456
[2021-08-16T18:40:57.354] [DEBUG] cheese - admin
[2021-08-16T18:40:57.359] [DEBUG] cheese - null
[2021-08-16T18:40:57.359] [DEBUG] cheese - null
[2021-08-17T08:26:00.050] [DEBUG] cheese - login => username:admin,password:123456
[2021-08-17T08:26:00.054] [DEBUG] cheese - admin
[2021-08-17T08:26:00.100] [DEBUG] cheese - null
[2021-08-17T08:26:00.101] [DEBUG] cheese - null
[2021-08-17T08:36:41.181] [DEBUG] cheese - login => username:admin,password:123456
[2021-08-17T08:36:41.183] [DEBUG] cheese - admin
[2021-08-17T08:36:41.197] [DEBUG] cheese - null
[2021-08-17T08:36:41.198] [DEBUG] cheese - null
[2021-08-17T08:49:39.597] [DEBUG] cheese - login => username:admin,password:123456
[2021-08-17T08:49:39.597] [DEBUG] cheese - admin
[2021-08-17T08:49:39.601] [DEBUG] cheese - null
[2021-08-17T08:49:39.601] [DEBUG] cheese - null
[2021-08-17T08:49:58.765] [DEBUG] cheese - login => username:admin,password:123456
[2021-08-17T08:49:58.765] [DEBUG] cheese - admin
[2021-08-17T08:49:58.768] [DEBUG] cheese - null
[2021-08-17T08:49:58.768] [DEBUG] cheese - null
[2021-08-17T08:53:55.325] [DEBUG] cheese - login => username:admin,password:123456
[2021-08-17T08:53:55.325] [DEBUG] cheese - admin
[2021-08-17T08:53:55.331] [DEBUG] cheese - null
[2021-08-17T08:53:55.332] [DEBUG] cheese - null
